<?xml version="1.0" ?>
<!DOCTYPE coverage
  SYSTEM 'http://cobertura.sourceforge.net/xml/coverage-03.dtd'>
<coverage branch-rate="0" line-rate="0.5" timestamp="1441972380692" version="3.7">
	<!-- Generated by coverage.py: http://nedbatchelder.com/code/coverage -->
	<packages>
		<package branch-rate="0" complexity="0" line-rate="0.5" name="">
			<classes>
				<class branch-rate="0" complexity="0" filename="src/__init__.py" line-rate="0" name="src/__init__">
					<methods/>
					<lines/>
				</class>
				<class branch-rate="0" complexity="0" filename="src/cds9866_plugin/__init__.py" line-rate="0" name="src/cds9866_plugin/__init__">
					<methods/>
					<lines/>
				</class>
				<class branch-rate="0" complexity="0" filename="src/cds9866_plugin/cds9866plugin.py" line-rate="0.5" name="src/cds9866_plugin/cds9866plugin">
					<methods/>
					<lines>
						<line hits="1" number="1"/>
						<line hits="1" number="2"/>
						<line hits="1" number="5"/>
						<line hits="1" number="7"/>
						<line hits="1" number="8"/>
						<line hits="1" number="10"/>
						<line hits="1" number="11"/>
						<line hits="1" number="13"/>
						<line hits="1" number="14"/>
						<line hits="1" number="15"/>
						<line hits="1" number="16"/>
						<line hits="0" number="17"/>
						<line hits="0" number="21"/>
						<line hits="1" number="23"/>
						<line hits="1" number="25"/>
						<line hits="0" number="26"/>
						<line hits="0" number="27"/>
						<line hits="0" number="28"/>
						<line hits="1" number="30"/>
						<line hits="0" number="31"/>
						<line hits="0" number="32"/>
						<line hits="0" number="33"/>
						<line hits="0" number="34"/>
						<line hits="0" number="35"/>
						<line hits="0" number="36"/>
						<line hits="0" number="37"/>
						<line hits="0" number="38"/>
						<line hits="0" number="40"/>
					</lines>
				</class>
			</classes>
		</package>
	</packages>
</coverage>
