<?xml version="1.0" ?>
<!DOCTYPE coverage
  SYSTEM 'http://cobertura.sourceforge.net/xml/coverage-03.dtd'>
<coverage branch-rate="0" line-rate="1" timestamp="1454673152605" version="3.7">
	<!-- Generated by coverage.py: http://nedbatchelder.com/code/coverage -->
	<packages>
		<package branch-rate="0" complexity="0" line-rate="1" name="">
			<classes>
				<class branch-rate="0" complexity="0" filename="src/__init__.py" line-rate="0" name="src/__init__">
					<methods/>
					<lines/>
				</class>
				<class branch-rate="0" complexity="0" filename="src/tag_extension/__init__.py" line-rate="0" name="src/tag_extension/__init__">
					<methods/>
					<lines/>
				</class>
				<class branch-rate="0" complexity="0" filename="src/tag_extension/tagextension.py" line-rate="1" name="src/tag_extension/tagextension">
					<methods/>
					<lines>
						<line hits="1" number="1"/>
						<line hits="1" number="2"/>
						<line hits="1" number="3"/>
						<line hits="1" number="4"/>
						<line hits="1" number="6"/>
						<line hits="1" number="7"/>
						<line hits="1" number="10"/>
						<line hits="1" number="12"/>
						<line hits="1" number="17"/>
						<line hits="1" number="33"/>
						<line hits="1" number="38"/>
					</lines>
				</class>
			</classes>
		</package>
	</packages>
</coverage>
